nohup: 忽略输入
Args in experiment:
Namespace(STEncoder=True, STEncoder_lambda=0.1, STEncoder_multiscales=[720], STEncoder_wnorm='LastVal', activation='gelu', anomaly_ratio=0.25, batch_size=64, c_out=1, checkpoints='./checkpoints/', d_ff=16, d_layers=1, d_model=16, data='ETTh2', data_path='ETTh2.csv', dd_ff=128, dd_model=128, dec_in=7, des='Exp', devices='0,1,2,3', distil=True, dropout=0.1, e_layers=3, ee_layers=2, embed='timeF', enc_in=1, factor=1, features='S', freq='h', gpu=0, is_training=1, itr=5, label_len=48, learning_rate=0.005, loss='MSE', lradj='type1', mask_rate=0.25, model='STEncoderS', model_id='ICLR24_CRV', moving_avg=25, n_heads=8, num_kernels=6, num_workers=2, output_attention=False, p_hidden_dims=[128, 128], p_hidden_layers=2, patience=3, pred_len=1440, root_path='./dataset/ETT-small', save=False, seasonal_patterns='Monthly', seq_len=168, target='OT', task_name='long_term_forecast', top_k=5, train_epochs=10, train_ratio=0.6, use_amp=False, use_gpu=True, use_multi_gpu=False)
Use GPU: cuda:0
TimeFeatureEmbedding-wo-freq:   []
model parameters:493666
train 7033
Auto-correlation values(abs):[1.         0.99991264] ~ [1.46179763e-04 7.32112208e-05]
Autocorrelation calculation time: 0.1147
>>>>>>>start training : long_term_forecast_STEncoderS_ETTh2_ftS_sl168_ll48_pl1440_dm16_nh8_el3_dl1_df16_atdf128_atdm128_atel2_fc1_ebtimeF_dtTrue_Exp_0>>>>>>>>>>>>>>>>>>>>>>>>>>
train 7033
val 1441
test 1441
	iters: 100, epoch: 1 | loss: 0.6016538
	speed: 0.0829s/iter; left time: 82.1369s
Epoch: 1 cost time: 8.94995927810669
Epoch: 1, Steps: 109 Train Loss: 0.7415 (Forecasting Loss:0.3604 + AutoCon Loss:3.8112 x Lambda(0.1)), Vali MSE Loss: 0.2798 Test MSE Loss: 0.2051
Validation loss decreased (inf --> 0.279757).  Saving model ...
Updating learning rate to 0.005
	iters: 100, epoch: 2 | loss: 0.5630060
	speed: 0.0698s/iter; left time: 61.5386s
Epoch: 2 cost time: 7.771711826324463
Epoch: 2, Steps: 109 Train Loss: 0.5853 (Forecasting Loss:0.2238 + AutoCon Loss:3.6152 x Lambda(0.1)), Vali MSE Loss: 0.2835 Test MSE Loss: 0.1785
EarlyStopping counter: 1 out of 3
Updating learning rate to 0.0025
	iters: 100, epoch: 3 | loss: 0.5678663
	speed: 0.0822s/iter; left time: 63.5704s
Epoch: 3 cost time: 8.922096014022827
Epoch: 3, Steps: 109 Train Loss: 0.5561 (Forecasting Loss:0.2062 + AutoCon Loss:3.4993 x Lambda(0.1)), Vali MSE Loss: 0.2892 Test MSE Loss: 0.1722
EarlyStopping counter: 2 out of 3
Updating learning rate to 0.00125
	iters: 100, epoch: 4 | loss: 0.5406828
	speed: 0.0712s/iter; left time: 47.3083s
Epoch: 4 cost time: 7.935447931289673
Epoch: 4, Steps: 109 Train Loss: 0.5438 (Forecasting Loss:0.1977 + AutoCon Loss:3.4604 x Lambda(0.1)), Vali MSE Loss: 0.2974 Test MSE Loss: 0.1659
EarlyStopping counter: 3 out of 3
Early stopping
>>>>>>>testing : long_term_forecast_STEncoderS_ETTh2_ftS_sl168_ll48_pl1440_dm16_nh8_el3_dl1_df16_atdf128_atdm128_atel2_fc1_ebtimeF_dtTrue_Exp_0<<<<<<<<<<<<<<<<<<<<<<<<<<<<<<<<<
test 1441
test shape: (22, 64, 1440, 1) (22, 64, 1440, 1)
test shape: (1408, 1440, 1) (1408, 1440, 1)
mse:0.20512272417545319, mae:0.3660731911659241, mape:0.6175774931907654, mspe:14.505186080932617 dilate:0.0000000, Shapedtw:0.0000000, Temporaldtw:0.0000000
Use GPU: cuda:0
TimeFeatureEmbedding-wo-freq:   []
model parameters:493666
train 7033
Auto-correlation values(abs):[1.         0.99991264] ~ [1.46179763e-04 7.32112208e-05]
Autocorrelation calculation time: 0.0950
>>>>>>>start training : long_term_forecast_STEncoderS_ETTh2_ftS_sl168_ll48_pl1440_dm16_nh8_el3_dl1_df16_atdf128_atdm128_atel2_fc1_ebtimeF_dtTrue_Exp_1>>>>>>>>>>>>>>>>>>>>>>>>>>
train 7033
val 1441
test 1441
	iters: 100, epoch: 1 | loss: 0.6864195
	speed: 0.0650s/iter; left time: 64.4562s
Epoch: 1 cost time: 7.3749470710754395
Epoch: 1, Steps: 109 Train Loss: 0.7930 (Forecasting Loss:0.4135 + AutoCon Loss:3.7944 x Lambda(0.1)), Vali MSE Loss: 0.3018 Test MSE Loss: 0.2821
Validation loss decreased (inf --> 0.301825).  Saving model ...
Updating learning rate to 0.005
	iters: 100, epoch: 2 | loss: 0.5738792
	speed: 0.0756s/iter; left time: 66.6446s
Epoch: 2 cost time: 8.070312023162842
Epoch: 2, Steps: 109 Train Loss: 0.6017 (Forecasting Loss:0.2345 + AutoCon Loss:3.6718 x Lambda(0.1)), Vali MSE Loss: 0.2535 Test MSE Loss: 0.2037
Validation loss decreased (0.301825 --> 0.253510).  Saving model ...
Updating learning rate to 0.0025
	iters: 100, epoch: 3 | loss: 0.5368247
	speed: 0.0739s/iter; left time: 57.1071s
Epoch: 3 cost time: 8.085938692092896
Epoch: 3, Steps: 109 Train Loss: 0.5627 (Forecasting Loss:0.2061 + AutoCon Loss:3.5658 x Lambda(0.1)), Vali MSE Loss: 0.2729 Test MSE Loss: 0.1980
EarlyStopping counter: 1 out of 3
Updating learning rate to 0.00125
	iters: 100, epoch: 4 | loss: 0.5609078
	speed: 0.0740s/iter; left time: 49.1154s
Epoch: 4 cost time: 8.203377723693848
Epoch: 4, Steps: 109 Train Loss: 0.5488 (Forecasting Loss:0.1964 + AutoCon Loss:3.5244 x Lambda(0.1)), Vali MSE Loss: 0.2583 Test MSE Loss: 0.1877
EarlyStopping counter: 2 out of 3
Updating learning rate to 0.000625
	iters: 100, epoch: 5 | loss: 0.5456229
	speed: 0.0691s/iter; left time: 38.3473s
Epoch: 5 cost time: 7.62314772605896
Epoch: 5, Steps: 109 Train Loss: 0.5431 (Forecasting Loss:0.1926 + AutoCon Loss:3.5054 x Lambda(0.1)), Vali MSE Loss: 0.2328 Test MSE Loss: 0.1999
Validation loss decreased (0.253510 --> 0.232757).  Saving model ...
Updating learning rate to 0.0003125
	iters: 100, epoch: 6 | loss: 0.5389426
	speed: 0.0659s/iter; left time: 29.3837s
Epoch: 6 cost time: 7.088889837265015
Epoch: 6, Steps: 109 Train Loss: 0.5404 (Forecasting Loss:0.1905 + AutoCon Loss:3.4987 x Lambda(0.1)), Vali MSE Loss: 0.2483 Test MSE Loss: 0.2011
EarlyStopping counter: 1 out of 3
Updating learning rate to 0.00015625
	iters: 100, epoch: 7 | loss: 0.5299119
	speed: 0.0717s/iter; left time: 24.1553s
Epoch: 7 cost time: 7.920145034790039
Epoch: 7, Steps: 109 Train Loss: 0.5383 (Forecasting Loss:0.1893 + AutoCon Loss:3.4904 x Lambda(0.1)), Vali MSE Loss: 0.2446 Test MSE Loss: 0.2068
EarlyStopping counter: 2 out of 3
Updating learning rate to 7.8125e-05
	iters: 100, epoch: 8 | loss: 0.5370450
	speed: 0.0764s/iter; left time: 17.4204s
Epoch: 8 cost time: 8.220815181732178
Epoch: 8, Steps: 109 Train Loss: 0.5376 (Forecasting Loss:0.1887 + AutoCon Loss:3.4891 x Lambda(0.1)), Vali MSE Loss: 0.2510 Test MSE Loss: 0.2000
EarlyStopping counter: 3 out of 3
Early stopping
>>>>>>>testing : long_term_forecast_STEncoderS_ETTh2_ftS_sl168_ll48_pl1440_dm16_nh8_el3_dl1_df16_atdf128_atdm128_atel2_fc1_ebtimeF_dtTrue_Exp_1<<<<<<<<<<<<<<<<<<<<<<<<<<<<<<<<<
test 1441
test shape: (22, 64, 1440, 1) (22, 64, 1440, 1)
test shape: (1408, 1440, 1) (1408, 1440, 1)
mse:0.19989316165447235, mae:0.36377865076065063, mape:0.5917422771453857, mspe:14.119306564331055 dilate:0.0000000, Shapedtw:0.0000000, Temporaldtw:0.0000000
Use GPU: cuda:0
TimeFeatureEmbedding-wo-freq:   []
model parameters:493666
train 7033
Auto-correlation values(abs):[1.         0.99991264] ~ [1.46179763e-04 7.32112208e-05]
Autocorrelation calculation time: 0.0953
>>>>>>>start training : long_term_forecast_STEncoderS_ETTh2_ftS_sl168_ll48_pl1440_dm16_nh8_el3_dl1_df16_atdf128_atdm128_atel2_fc1_ebtimeF_dtTrue_Exp_2>>>>>>>>>>>>>>>>>>>>>>>>>>
train 7033
val 1441
test 1441
	iters: 100, epoch: 1 | loss: 0.6348170
	speed: 0.0650s/iter; left time: 64.4439s
Epoch: 1 cost time: 7.333421468734741
Epoch: 1, Steps: 109 Train Loss: 0.7890 (Forecasting Loss:0.4116 + AutoCon Loss:3.7747 x Lambda(0.1)), Vali MSE Loss: 0.3779 Test MSE Loss: 0.1969
Validation loss decreased (inf --> 0.377936).  Saving model ...
Updating learning rate to 0.005
	iters: 100, epoch: 2 | loss: 0.5906157
	speed: 0.0626s/iter; left time: 55.1737s
Epoch: 2 cost time: 7.261320352554321
Epoch: 2, Steps: 109 Train Loss: 0.6050 (Forecasting Loss:0.2393 + AutoCon Loss:3.6569 x Lambda(0.1)), Vali MSE Loss: 0.2805 Test MSE Loss: 0.1720
Validation loss decreased (0.377936 --> 0.280516).  Saving model ...
Updating learning rate to 0.0025
	iters: 100, epoch: 3 | loss: 0.5707897
	speed: 0.0744s/iter; left time: 57.5024s
Epoch: 3 cost time: 8.161723375320435
Epoch: 3, Steps: 109 Train Loss: 0.5697 (Forecasting Loss:0.2166 + AutoCon Loss:3.5310 x Lambda(0.1)), Vali MSE Loss: 0.2445 Test MSE Loss: 0.1764
Validation loss decreased (0.280516 --> 0.244452).  Saving model ...
Updating learning rate to 0.00125
	iters: 100, epoch: 4 | loss: 0.5584458
	speed: 0.0757s/iter; left time: 50.2761s
Epoch: 4 cost time: 8.102313995361328
Epoch: 4, Steps: 109 Train Loss: 0.5565 (Forecasting Loss:0.2095 + AutoCon Loss:3.4703 x Lambda(0.1)), Vali MSE Loss: 0.3470 Test MSE Loss: 0.1938
EarlyStopping counter: 1 out of 3
Updating learning rate to 0.000625
	iters: 100, epoch: 5 | loss: 0.5366956
	speed: 0.0727s/iter; left time: 40.3569s
Epoch: 5 cost time: 8.055485248565674
Epoch: 5, Steps: 109 Train Loss: 0.5469 (Forecasting Loss:0.2025 + AutoCon Loss:3.4436 x Lambda(0.1)), Vali MSE Loss: 0.2914 Test MSE Loss: 0.1825
EarlyStopping counter: 2 out of 3
Updating learning rate to 0.0003125
	iters: 100, epoch: 6 | loss: 0.5521762
	speed: 0.0765s/iter; left time: 34.1167s
Epoch: 6 cost time: 8.4636709690094
Epoch: 6, Steps: 109 Train Loss: 0.5427 (Forecasting Loss:0.2001 + AutoCon Loss:3.4257 x Lambda(0.1)), Vali MSE Loss: 0.2756 Test MSE Loss: 0.1749
EarlyStopping counter: 3 out of 3
Early stopping
>>>>>>>testing : long_term_forecast_STEncoderS_ETTh2_ftS_sl168_ll48_pl1440_dm16_nh8_el3_dl1_df16_atdf128_atdm128_atel2_fc1_ebtimeF_dtTrue_Exp_2<<<<<<<<<<<<<<<<<<<<<<<<<<<<<<<<<
test 1441
test shape: (22, 64, 1440, 1) (22, 64, 1440, 1)
test shape: (1408, 1440, 1) (1408, 1440, 1)
mse:0.176372691988945, mae:0.340605765581131, mape:0.6134552955627441, mspe:16.579822540283203 dilate:0.0000000, Shapedtw:0.0000000, Temporaldtw:0.0000000
Use GPU: cuda:0
TimeFeatureEmbedding-wo-freq:   []
model parameters:493666
train 7033
Auto-correlation values(abs):[1.         0.99991264] ~ [1.46179763e-04 7.32112208e-05]
Autocorrelation calculation time: 0.2828
>>>>>>>start training : long_term_forecast_STEncoderS_ETTh2_ftS_sl168_ll48_pl1440_dm16_nh8_el3_dl1_df16_atdf128_atdm128_atel2_fc1_ebtimeF_dtTrue_Exp_3>>>>>>>>>>>>>>>>>>>>>>>>>>
train 7033
val 1441
test 1441
	iters: 100, epoch: 1 | loss: 0.6454369
	speed: 0.0681s/iter; left time: 67.4476s
Epoch: 1 cost time: 7.456984519958496
Epoch: 1, Steps: 109 Train Loss: 0.7892 (Forecasting Loss:0.4134 + AutoCon Loss:3.7575 x Lambda(0.1)), Vali MSE Loss: 0.3129 Test MSE Loss: 0.1886
Validation loss decreased (inf --> 0.312862).  Saving model ...
Updating learning rate to 0.005
	iters: 100, epoch: 2 | loss: 0.5771188
	speed: 0.0398s/iter; left time: 35.0850s
Epoch: 2 cost time: 4.317898273468018
Epoch: 2, Steps: 109 Train Loss: 0.6017 (Forecasting Loss:0.2434 + AutoCon Loss:3.5837 x Lambda(0.1)), Vali MSE Loss: 0.3246 Test MSE Loss: 0.2484
EarlyStopping counter: 1 out of 3
Updating learning rate to 0.0025
	iters: 100, epoch: 3 | loss: 0.5448849
	speed: 0.0370s/iter; left time: 28.6275s
Epoch: 3 cost time: 4.0743114948272705
Epoch: 3, Steps: 109 Train Loss: 0.5654 (Forecasting Loss:0.2194 + AutoCon Loss:3.4600 x Lambda(0.1)), Vali MSE Loss: 0.2665 Test MSE Loss: 0.1779
Validation loss decreased (0.312862 --> 0.266469).  Saving model ...
Updating learning rate to 0.00125
	iters: 100, epoch: 4 | loss: 0.5597064
	speed: 0.0366s/iter; left time: 24.2836s
Epoch: 4 cost time: 4.0681774616241455
Epoch: 4, Steps: 109 Train Loss: 0.5517 (Forecasting Loss:0.2103 + AutoCon Loss:3.4141 x Lambda(0.1)), Vali MSE Loss: 0.2637 Test MSE Loss: 0.1886
Validation loss decreased (0.266469 --> 0.263741).  Saving model ...
Updating learning rate to 0.000625
	iters: 100, epoch: 5 | loss: 0.5305856
	speed: 0.0329s/iter; left time: 18.2696s
Epoch: 5 cost time: 3.718597888946533
Epoch: 5, Steps: 109 Train Loss: 0.5448 (Forecasting Loss:0.2054 + AutoCon Loss:3.3932 x Lambda(0.1)), Vali MSE Loss: 0.2475 Test MSE Loss: 0.2023
Validation loss decreased (0.263741 --> 0.247455).  Saving model ...
Updating learning rate to 0.0003125
	iters: 100, epoch: 6 | loss: 0.5541611
	speed: 0.0348s/iter; left time: 15.5361s
Epoch: 6 cost time: 3.867467164993286
Epoch: 6, Steps: 109 Train Loss: 0.5401 (Forecasting Loss:0.2018 + AutoCon Loss:3.3833 x Lambda(0.1)), Vali MSE Loss: 0.2452 Test MSE Loss: 0.1932
Validation loss decreased (0.247455 --> 0.245166).  Saving model ...
Updating learning rate to 0.00015625
	iters: 100, epoch: 7 | loss: 0.5412090
	speed: 0.0345s/iter; left time: 11.6189s
Epoch: 7 cost time: 3.9360532760620117
Epoch: 7, Steps: 109 Train Loss: 0.5383 (Forecasting Loss:0.2006 + AutoCon Loss:3.3772 x Lambda(0.1)), Vali MSE Loss: 0.2538 Test MSE Loss: 0.2006
EarlyStopping counter: 1 out of 3
Updating learning rate to 7.8125e-05
	iters: 100, epoch: 8 | loss: 0.5314717
	speed: 0.0358s/iter; left time: 8.1664s
Epoch: 8 cost time: 3.9896016120910645
Epoch: 8, Steps: 109 Train Loss: 0.5373 (Forecasting Loss:0.1998 + AutoCon Loss:3.3745 x Lambda(0.1)), Vali MSE Loss: 0.2440 Test MSE Loss: 0.1983
Validation loss decreased (0.245166 --> 0.244031).  Saving model ...
Updating learning rate to 3.90625e-05
	iters: 100, epoch: 9 | loss: 0.5248302
	speed: 0.0380s/iter; left time: 4.5176s
Epoch: 9 cost time: 4.225647211074829
Epoch: 9, Steps: 109 Train Loss: 0.5366 (Forecasting Loss:0.1993 + AutoCon Loss:3.3726 x Lambda(0.1)), Vali MSE Loss: 0.2522 Test MSE Loss: 0.1949
EarlyStopping counter: 1 out of 3
Updating learning rate to 1.953125e-05
	iters: 100, epoch: 10 | loss: 0.5432473
	speed: 0.0389s/iter; left time: 0.3889s
Epoch: 10 cost time: 4.24908447265625
Epoch: 10, Steps: 109 Train Loss: 0.5366 (Forecasting Loss:0.1991 + AutoCon Loss:3.3743 x Lambda(0.1)), Vali MSE Loss: 0.2448 Test MSE Loss: 0.2002
EarlyStopping counter: 2 out of 3
Updating learning rate to 9.765625e-06
>>>>>>>testing : long_term_forecast_STEncoderS_ETTh2_ftS_sl168_ll48_pl1440_dm16_nh8_el3_dl1_df16_atdf128_atdm128_atel2_fc1_ebtimeF_dtTrue_Exp_3<<<<<<<<<<<<<<<<<<<<<<<<<<<<<<<<<
test 1441
test shape: (22, 64, 1440, 1) (22, 64, 1440, 1)
test shape: (1408, 1440, 1) (1408, 1440, 1)
mse:0.19825249910354614, mae:0.36178848147392273, mape:0.5954504609107971, mspe:14.030096054077148 dilate:0.0000000, Shapedtw:0.0000000, Temporaldtw:0.0000000
Use GPU: cuda:0
TimeFeatureEmbedding-wo-freq:   []
model parameters:493666
train 7033
Auto-correlation values(abs):[1.         0.99991264] ~ [1.46179763e-04 7.32112208e-05]
Autocorrelation calculation time: 0.0701
>>>>>>>start training : long_term_forecast_STEncoderS_ETTh2_ftS_sl168_ll48_pl1440_dm16_nh8_el3_dl1_df16_atdf128_atdm128_atel2_fc1_ebtimeF_dtTrue_Exp_4>>>>>>>>>>>>>>>>>>>>>>>>>>
train 7033
val 1441
test 1441
	iters: 100, epoch: 1 | loss: 0.5965767
	speed: 0.0402s/iter; left time: 39.8585s
Epoch: 1 cost time: 4.45328688621521
Epoch: 1, Steps: 109 Train Loss: 0.7394 (Forecasting Loss:0.3610 + AutoCon Loss:3.7838 x Lambda(0.1)), Vali MSE Loss: 0.3613 Test MSE Loss: 0.1936
Validation loss decreased (inf --> 0.361316).  Saving model ...
Updating learning rate to 0.005
	iters: 100, epoch: 2 | loss: 0.5685295
	speed: 0.0421s/iter; left time: 37.1711s
Epoch: 2 cost time: 4.715512752532959
Epoch: 2, Steps: 109 Train Loss: 0.5798 (Forecasting Loss:0.2226 + AutoCon Loss:3.5718 x Lambda(0.1)), Vali MSE Loss: 0.2893 Test MSE Loss: 0.1800
Validation loss decreased (0.361316 --> 0.289301).  Saving model ...
Updating learning rate to 0.0025
	iters: 100, epoch: 3 | loss: 0.5743201
	speed: 0.0447s/iter; left time: 34.5631s
Epoch: 3 cost time: 4.990221261978149
Epoch: 3, Steps: 109 Train Loss: 0.5554 (Forecasting Loss:0.2091 + AutoCon Loss:3.4628 x Lambda(0.1)), Vali MSE Loss: 0.2851 Test MSE Loss: 0.1697
Validation loss decreased (0.289301 --> 0.285115).  Saving model ...
Updating learning rate to 0.00125
	iters: 100, epoch: 4 | loss: 0.5367448
	speed: 0.0448s/iter; left time: 29.7704s
Epoch: 4 cost time: 4.913363218307495
Epoch: 4, Steps: 109 Train Loss: 0.5404 (Forecasting Loss:0.1972 + AutoCon Loss:3.4319 x Lambda(0.1)), Vali MSE Loss: 0.2825 Test MSE Loss: 0.1625
Validation loss decreased (0.285115 --> 0.282461).  Saving model ...
Updating learning rate to 0.000625
	iters: 100, epoch: 5 | loss: 0.5447423
	speed: 0.0455s/iter; left time: 25.2762s
Epoch: 5 cost time: 5.016458749771118
Epoch: 5, Steps: 109 Train Loss: 0.5334 (Forecasting Loss:0.1918 + AutoCon Loss:3.4158 x Lambda(0.1)), Vali MSE Loss: 0.2852 Test MSE Loss: 0.1604
EarlyStopping counter: 1 out of 3
Updating learning rate to 0.0003125
	iters: 100, epoch: 6 | loss: 0.5230475
	speed: 0.0430s/iter; left time: 19.1829s
Epoch: 6 cost time: 4.7774553298950195
Epoch: 6, Steps: 109 Train Loss: 0.5302 (Forecasting Loss:0.1896 + AutoCon Loss:3.4053 x Lambda(0.1)), Vali MSE Loss: 0.2788 Test MSE Loss: 0.1616
Validation loss decreased (0.282461 --> 0.278847).  Saving model ...
Updating learning rate to 0.00015625
	iters: 100, epoch: 7 | loss: 0.5229503
	speed: 0.0303s/iter; left time: 10.2170s
Epoch: 7 cost time: 3.354193687438965
Epoch: 7, Steps: 109 Train Loss: 0.5290 (Forecasting Loss:0.1885 + AutoCon Loss:3.4046 x Lambda(0.1)), Vali MSE Loss: 0.2886 Test MSE Loss: 0.1611
EarlyStopping counter: 1 out of 3
Updating learning rate to 7.8125e-05
	iters: 100, epoch: 8 | loss: 0.5305250
	speed: 0.0298s/iter; left time: 6.7946s
Epoch: 8 cost time: 3.350388288497925
Epoch: 8, Steps: 109 Train Loss: 0.5280 (Forecasting Loss:0.1880 + AutoCon Loss:3.4003 x Lambda(0.1)), Vali MSE Loss: 0.2867 Test MSE Loss: 0.1614
EarlyStopping counter: 2 out of 3
Updating learning rate to 3.90625e-05
	iters: 100, epoch: 9 | loss: 0.5270002
	speed: 0.0312s/iter; left time: 3.7148s
Epoch: 9 cost time: 3.458374500274658
Epoch: 9, Steps: 109 Train Loss: 0.5274 (Forecasting Loss:0.1874 + AutoCon Loss:3.4005 x Lambda(0.1)), Vali MSE Loss: 0.2886 Test MSE Loss: 0.1613
EarlyStopping counter: 3 out of 3
Early stopping
>>>>>>>testing : long_term_forecast_STEncoderS_ETTh2_ftS_sl168_ll48_pl1440_dm16_nh8_el3_dl1_df16_atdf128_atdm128_atel2_fc1_ebtimeF_dtTrue_Exp_4<<<<<<<<<<<<<<<<<<<<<<<<<<<<<<<<<
test 1441
test shape: (22, 64, 1440, 1) (22, 64, 1440, 1)
test shape: (1408, 1440, 1) (1408, 1440, 1)
mse:0.16160129010677338, mae:0.3256060481071472, mape:0.6536965370178223, mspe:20.366901397705078 dilate:0.0000000, Shapedtw:0.0000000, Temporaldtw:0.0000000
MSE:0.1882+-0.02299, MAE:0.3516+-0.02202, MAPE:0.6144+-0.03059, MSPE:15.9203+-3.34479, SHAPEDTW:0.0000+-0.00000, TEMPDTW:0.0000+-0.00000
